# JRE version: OpenJDK Runtime Environment (8.0_212-b04) (build 1.8.0_212-release-1586-b04)
# Java VM: OpenJDK 64-Bit Server VM (25.212-b04 mixed mode windows-amd64 compressed oops)
Heap:
 PSYoungGen      total 436736K, used 175701K [0x00000000e0000000, 0x0000000100000000, 0x0000000100000000)
  eden space 365056K, 33% used [0x00000000e0000000,0x00000000e77c40e0,0x00000000f6480000)
  from space 71680K, 74% used [0x00000000fae80000,0x00000000fe251440,0x00000000ff480000)
  to   space 75776K, 0% used [0x00000000f6480000,0x00000000f6480000,0x00000000fae80000)
 ParOldGen       total 360960K, used 255594K [0x00000000a0000000, 0x00000000b6080000, 0x00000000e0000000)
  object space 360960K, 70% used [0x00000000a0000000,0x00000000af99a880,0x00000000b6080000)
 Metaspace       used 102085K, capacity 106048K, committed 106152K, reserved 1140736K
  class space    used 13096K, capacity 13953K, committed 13992K, reserved 1048576K
GC Heap History (10 events):
Event: 2344.837 GC heap before
{Heap before GC invocations=18 (full 4):
 PSYoungGen      total 432640K, used 432333K [0x00000000e0000000, 0x0000000100000000, 0x0000000100000000)
  eden space 368640K, 100% used [0x00000000e0000000,0x00000000f6800000,0x00000000f6800000)
  from space 64000K, 99% used [0x00000000f6800000,0x00000000fa6336c8,0x00000000fa680000)
  to   space 85504K, 0% used [0x00000000fac80000,0x00000000fac80000,0x0000000100000000)
 ParOldGen       total 360960K, used 167864K [0x00000000a0000000, 0x00000000b6080000, 0x00000000e0000000)
  object space 360960K, 46% used [0x00000000a0000000,0x00000000aa3ee218,0x00000000b6080000)
 Metaspace       used 91614K, capacity 94282K, committed 95400K, reserved 1132544K
  class space    used 11654K, capacity 12293K, committed 12456K, reserved 1048576K
Event: 2344.907 GC heap after
Heap after GC invocations=18 (full 4):
 PSYoungGen      total 442880K, used 27080K [0x00000000e0000000, 0x0000000100000000, 0x0000000100000000)
  eden space 357376K, 0% used [0x00000000e0000000,0x00000000e0000000,0x00000000f5d00000)
  from space 85504K, 31% used [0x00000000fac80000,0x00000000fc6f20c8,0x0000000100000000)
  to   space 81408K, 0% used [0x00000000f5d00000,0x00000000f5d00000,0x00000000fac80000)
 ParOldGen       total 360960K, used 229367K [0x00000000a0000000, 0x00000000b6080000, 0x00000000e0000000)
  object space 360960K, 63% used [0x00000000a0000000,0x00000000adffdeb8,0x00000000b6080000)
 Metaspace       used 91614K, capacity 94282K, committed 95400K, reserved 1132544K
  class space    used 11654K, capacity 12293K, committed 12456K, reserved 1048576K
}
Event: 2349.213 GC heap before
{Heap before GC invocations=19 (full 4):
 PSYoungGen      total 442880K, used 384456K [0x00000000e0000000, 0x0000000100000000, 0x0000000100000000)
  eden space 357376K, 100% used [0x00000000e0000000,0x00000000f5d00000,0x00000000f5d00000)
  from space 85504K, 31% used [0x00000000fac80000,0x00000000fc6f20c8,0x0000000100000000)
  to   space 81408K, 0% used [0x00000000f5d00000,0x00000000f5d00000,0x00000000fac80000)
 ParOldGen       total 360960K, used 229367K [0x00000000a0000000, 0x00000000b6080000, 0x00000000e0000000)
  object space 360960K, 63% used [0x00000000a0000000,0x00000000adffdeb8,0x00000000b6080000)
 Metaspace       used 91848K, capacity 94538K, committed 95656K, reserved 1132544K
  class space    used 11660K, capacity 12293K, committed 12456K, reserved 1048576K
Event: 2349.256 GC heap after
Heap after GC invocations=19 (full 4):
 PSYoungGen      total 369664K, used 12285K [0x00000000e0000000, 0x00000000ff900000, 0x0000000100000000)
  eden space 357376K, 0% used [0x00000000e0000000,0x00000000e0000000,0x00000000f5d00000)
  from space 12288K, 99% used [0x00000000f5d00000,0x00000000f68ff668,0x00000000f6900000)
  to   space 79872K, 0% used [0x00000000fab00000,0x00000000fab00000,0x00000000ff900000)
 ParOldGen       total 360960K, used 255570K [0x00000000a0000000, 0x00000000b6080000, 0x00000000e0000000)
  object space 360960K, 70% used [0x00000000a0000000,0x00000000af994880,0x00000000b6080000)
 Metaspace       used 91848K, capacity 94538K, committed 95656K, reserved 1132544K
  class space    used 11660K, capacity 12293K, committed 12456K, reserved 1048576K
}
Event: 2362.738 GC heap before
{Heap before GC invocations=20 (full 4):
 PSYoungGen      total 369664K, used 369661K [0x00000000e0000000, 0x00000000ff900000, 0x0000000100000000)
  eden space 357376K, 100% used [0x00000000e0000000,0x00000000f5d00000,0x00000000f5d00000)
  from space 12288K, 99% used [0x00000000f5d00000,0x00000000f68ff668,0x00000000f6900000)
  to   space 79872K, 0% used [0x00000000fab00000,0x00000000fab00000,0x00000000ff900000)
 ParOldGen       total 360960K, used 255570K [0x00000000a0000000, 0x00000000b6080000, 0x00000000e0000000)
  object space 360960K, 70% used [0x00000000a0000000,0x00000000af994880,0x00000000b6080000)
 Metaspace       used 96281K, capacity 99208K, committed 99880K, reserved 1136640K
  class space    used 12303K, capacity 13008K, committed 13096K, reserved 1048576K
Event: 2362.778 GC heap after
Heap after GC invocations=20 (full 4):
 PSYoungGen      total 441856K, used 31135K [0x00000000e0000000, 0x0000000100000000, 0x0000000100000000)
  eden space 361984K, 0% used [0x00000000e0000000,0x00000000e0000000,0x00000000f6180000)
  from space 79872K, 38% used [0x00000000fab00000,0x00000000fc967f70,0x00000000ff900000)
  to   space 75264K, 0% used [0x00000000f6180000,0x00000000f6180000,0x00000000fab00000)
 ParOldGen       total 360960K, used 255578K [0x00000000a0000000, 0x00000000b6080000, 0x00000000e0000000)
  object space 360960K, 70% used [0x00000000a0000000,0x00000000af996880,0x00000000b6080000)
 Metaspace       used 96281K, capacity 99208K, committed 99880K, reserved 1136640K
  class space    used 12303K, capacity 13008K, committed 13096K, reserved 1048576K
}
Event: 3279.148 GC heap before
{Heap before GC invocations=21 (full 4):
 PSYoungGen      total 441856K, used 393119K [0x00000000e0000000, 0x0000000100000000, 0x0000000100000000)
  eden space 361984K, 100% used [0x00000000e0000000,0x00000000f6180000,0x00000000f6180000)
  from space 79872K, 38% used [0x00000000fab00000,0x00000000fc967f70,0x00000000ff900000)
  to   space 75264K, 0% used [0x00000000f6180000,0x00000000f6180000,0x00000000fab00000)
 ParOldGen       total 360960K, used 255578K [0x00000000a0000000, 0x00000000b6080000, 0x00000000e0000000)
  object space 360960K, 70% used [0x00000000a0000000,0x00000000af996880,0x00000000b6080000)
 Metaspace       used 101730K, capacity 105660K, committed 105896K, reserved 1140736K
  class space    used 13085K, capacity 13931K, committed 13992K, reserved 1048576K
Event: 3279.263 GC heap after
Heap after GC invocations=21 (full 4):
 PSYoungGen      total 437248K, used 32386K [0x00000000e0000000, 0x00000000ff480000, 0x0000000100000000)
  eden space 361984K, 0% used [0x00000000e0000000,0x00000000e0000000,0x00000000f6180000)
  from space 75264K, 43% used [0x00000000f6180000,0x00000000f8120ab8,0x00000000fab00000)
  to   space 71680K, 0% used [0x00000000fae80000,0x00000000fae80000,0x00000000ff480000)
 ParOldGen       total 360960K, used 255586K [0x00000000a0000000, 0x00000000b6080000, 0x00000000e0000000)
  object space 360960K, 70% used [0x00000000a0000000,0x00000000af998880,0x00000000b6080000)
 Metaspace       used 101730K, capacity 105660K, committed 105896K, reserved 1140736K
  class space    used 13085K, capacity 13931K, committed 13992K, reserved 1048576K
}
Event: 3286.566 GC heap before
{Heap before GC invocations=22 (full 4):
 PSYoungGen      total 437248K, used 394370K [0x00000000e0000000, 0x00000000ff480000, 0x0000000100000000)
  eden space 361984K, 100% used [0x00000000e0000000,0x00000000f6180000,0x00000000f6180000)
  from space 75264K, 43% used [0x00000000f6180000,0x00000000f8120ab8,0x00000000fab00000)
  to   space 71680K, 0% used [0x00000000fae80000,0x00000000fae80000,0x00000000ff480000)
 ParOldGen       total 360960K, used 255586K [0x00000000a0000000, 0x00000000b6080000, 0x00000000e0000000)
  object space 360960K, 70% used [0x00000000a0000000,0x00000000af998880,0x00000000b6080000)
 Metaspace       used 102032K, capacity 105984K, committed 106152K, reserved 1140736K
  class space    used 13096K, capacity 13953K, committed 13992K, reserved 1048576K
Event: 3286.609 GC heap after
Heap after GC invocations=22 (full 4):
 PSYoungGen      total 436736K, used 53061K [0x00000000e0000000, 0x0000000100000000, 0x0000000100000000)
  eden space 365056K, 0% used [0x00000000e0000000,0x00000000e0000000,0x00000000f6480000)
  from space 71680K, 74% used [0x00000000fae80000,0x00000000fe251440,0x00000000ff480000)
  to   space 75776K, 0% used [0x00000000f6480000,0x00000000f6480000,0x00000000fae80000)
 ParOldGen       total 360960K, used 255594K [0x00000000a0000000, 0x00000000b6080000, 0x00000000e0000000)
  object space 360960K, 70% used [0x00000000a0000000,0x00000000af99a880,0x00000000b6080000)
 Metaspace       used 102032K, capacity 105984K, committed 106152K, reserved 1140736K
  class space    used 13096K, capacity 13953K, committed 13992K, reserved 1048576K
}

