# JRE version: OpenJDK Runtime Environment (8.0_212-b04) (build 1.8.0_212-release-1586-b04)
# Java VM: OpenJDK 64-Bit Server VM (25.212-b04 mixed mode windows-amd64 compressed oops)
Heap:
 PSYoungGen      total 399360K, used 268324K [0x00000000e0000000, 0x00000000ffc80000, 0x0000000100000000)
  eden space 283648K, 93% used [0x00000000e0000000,0x00000000f02692e0,0x00000000f1500000)
  from space 115712K, 3% used [0x00000000f1500000,0x00000000f189ff20,0x00000000f8600000)
  to   space 112128K, 0% used [0x00000000f8f00000,0x00000000f8f00000,0x00000000ffc80000)
 ParOldGen       total 509952K, used 279430K [0x00000000a0000000, 0x00000000bf200000, 0x00000000e0000000)
  object space 509952K, 54% used [0x00000000a0000000,0x00000000b10e1938,0x00000000bf200000)
 Metaspace       used 111747K, capacity 117034K, committed 117120K, reserved 1150976K
  class space    used 14142K, capacity 15226K, committed 15232K, reserved 1048576K
GC Heap History (10 events):
Event: 3789.037 GC heap before
{Heap before GC invocations=33 (full 6):
 PSYoungGen      total 380416K, used 295576K [0x00000000e0000000, 0x00000000ff380000, 0x0000000100000000)
  eden space 264704K, 100% used [0x00000000e0000000,0x00000000f0280000,0x00000000f0280000)
  from space 115712K, 26% used [0x00000000f8280000,0x00000000fa0a6168,0x00000000ff380000)
  to   space 123392K, 0% used [0x00000000f0280000,0x00000000f0280000,0x00000000f7b00000)
 ParOldGen       total 509952K, used 263385K [0x00000000a0000000, 0x00000000bf200000, 0x00000000e0000000)
  object space 509952K, 51% used [0x00000000a0000000,0x00000000b01367a0,0x00000000bf200000)
 Metaspace       used 111329K, capacity 116526K, committed 116608K, reserved 1150976K
  class space    used 14100K, capacity 15156K, committed 15232K, reserved 1048576K
Event: 3789.044 GC heap after
Heap after GC invocations=33 (full 6):
 PSYoungGen      total 388096K, used 2912K [0x00000000e0000000, 0x0000000100000000, 0x0000000100000000)
  eden space 264704K, 0% used [0x00000000e0000000,0x00000000e0000000,0x00000000f0280000)
  from space 123392K, 2% used [0x00000000f0280000,0x00000000f0558040,0x00000000f7b00000)
  to   space 122880K, 0% used [0x00000000f8800000,0x00000000f8800000,0x0000000100000000)
 ParOldGen       total 509952K, used 272872K [0x00000000a0000000, 0x00000000bf200000, 0x00000000e0000000)
  object space 509952K, 53% used [0x00000000a0000000,0x00000000b0a7a0a8,0x00000000bf200000)
 Metaspace       used 111329K, capacity 116526K, committed 116608K, reserved 1150976K
  class space    used 14100K, capacity 15156K, committed 15232K, reserved 1048576K
}
Event: 3789.662 GC heap before
{Heap before GC invocations=34 (full 6):
 PSYoungGen      total 388096K, used 267615K [0x00000000e0000000, 0x0000000100000000, 0x0000000100000000)
  eden space 264704K, 99% used [0x00000000e0000000,0x00000000f027fc38,0x00000000f0280000)
  from space 123392K, 2% used [0x00000000f0280000,0x00000000f0558040,0x00000000f7b00000)
  to   space 122880K, 0% used [0x00000000f8800000,0x00000000f8800000,0x0000000100000000)
 ParOldGen       total 509952K, used 272872K [0x00000000a0000000, 0x00000000bf200000, 0x00000000e0000000)
  object space 509952K, 53% used [0x00000000a0000000,0x00000000b0a7a0a8,0x00000000bf200000)
 Metaspace       used 111462K, capacity 116612K, committed 116864K, reserved 1150976K
  class space    used 14114K, capacity 15159K, committed 15232K, reserved 1048576K
Event: 3789.670 GC heap after
Heap after GC invocations=34 (full 6):
 PSYoungGen      total 397312K, used 2784K [0x00000000e0000000, 0x00000000ffc80000, 0x0000000100000000)
  eden space 278016K, 0% used [0x00000000e0000000,0x00000000e0000000,0x00000000f0f80000)
  from space 119296K, 2% used [0x00000000f8800000,0x00000000f8ab8010,0x00000000ffc80000)
  to   space 121344K, 0% used [0x00000000f0f80000,0x00000000f0f80000,0x00000000f8600000)
 ParOldGen       total 509952K, used 273972K [0x00000000a0000000, 0x00000000bf200000, 0x00000000e0000000)
  object space 509952K, 53% used [0x00000000a0000000,0x00000000b0b8d0e8,0x00000000bf200000)
 Metaspace       used 111462K, capacity 116612K, committed 116864K, reserved 1150976K
  class space    used 14114K, capacity 15159K, committed 15232K, reserved 1048576K
}
Event: 3790.253 GC heap before
{Heap before GC invocations=35 (full 6):
 PSYoungGen      total 397312K, used 280800K [0x00000000e0000000, 0x00000000ffc80000, 0x0000000100000000)
  eden space 278016K, 100% used [0x00000000e0000000,0x00000000f0f80000,0x00000000f0f80000)
  from space 119296K, 2% used [0x00000000f8800000,0x00000000f8ab8010,0x00000000ffc80000)
  to   space 121344K, 0% used [0x00000000f0f80000,0x00000000f0f80000,0x00000000f8600000)
 ParOldGen       total 509952K, used 273972K [0x00000000a0000000, 0x00000000bf200000, 0x00000000e0000000)
  object space 509952K, 53% used [0x00000000a0000000,0x00000000b0b8d0e8,0x00000000bf200000)
 Metaspace       used 111511K, capacity 116714K, committed 116864K, reserved 1150976K
  class space    used 14120K, capacity 15166K, committed 15232K, reserved 1048576K
Event: 3790.261 GC heap after
Heap after GC invocations=35 (full 6):
 PSYoungGen      total 399360K, used 2208K [0x00000000e0000000, 0x00000000ffe00000, 0x0000000100000000)
  eden space 278016K, 0% used [0x00000000e0000000,0x00000000e0000000,0x00000000f0f80000)
  from space 121344K, 1% used [0x00000000f0f80000,0x00000000f11a8000,0x00000000f8600000)
  to   space 119296K, 0% used [0x00000000f8980000,0x00000000f8980000,0x00000000ffe00000)
 ParOldGen       total 509952K, used 275961K [0x00000000a0000000, 0x00000000bf200000, 0x00000000e0000000)
  object space 509952K, 54% used [0x00000000a0000000,0x00000000b0d7e460,0x00000000bf200000)
 Metaspace       used 111511K, capacity 116714K, committed 116864K, reserved 1150976K
  class space    used 14120K, capacity 15166K, committed 15232K, reserved 1048576K
}
Event: 3790.851 GC heap before
{Heap before GC invocations=36 (full 6):
 PSYoungGen      total 399360K, used 280224K [0x00000000e0000000, 0x00000000ffe00000, 0x0000000100000000)
  eden space 278016K, 100% used [0x00000000e0000000,0x00000000f0f80000,0x00000000f0f80000)
  from space 121344K, 1% used [0x00000000f0f80000,0x00000000f11a8000,0x00000000f8600000)
  to   space 119296K, 0% used [0x00000000f8980000,0x00000000f8980000,0x00000000ffe00000)
 ParOldGen       total 509952K, used 275961K [0x00000000a0000000, 0x00000000bf200000, 0x00000000e0000000)
  object space 509952K, 54% used [0x00000000a0000000,0x00000000b0d7e460,0x00000000bf200000)
 Metaspace       used 111550K, capacity 116766K, committed 116864K, reserved 1150976K
  class space    used 14126K, capacity 15202K, committed 15232K, reserved 1048576K
Event: 3790.857 GC heap after
Heap after GC invocations=36 (full 6):
 PSYoungGen      total 395776K, used 3360K [0x00000000e0000000, 0x00000000ff700000, 0x0000000100000000)
  eden space 283648K, 0% used [0x00000000e0000000,0x00000000e0000000,0x00000000f1500000)
  from space 112128K, 2% used [0x00000000f8980000,0x00000000f8cc8010,0x00000000ff700000)
  to   space 115712K, 0% used [0x00000000f1500000,0x00000000f1500000,0x00000000f8600000)
 ParOldGen       total 509952K, used 277817K [0x00000000a0000000, 0x00000000bf200000, 0x00000000e0000000)
  object space 509952K, 54% used [0x00000000a0000000,0x00000000b0f4e5c0,0x00000000bf200000)
 Metaspace       used 111550K, capacity 116766K, committed 116864K, reserved 1150976K
  class space    used 14126K, capacity 15202K, committed 15232K, reserved 1048576K
}
Event: 3793.583 GC heap before
{Heap before GC invocations=37 (full 6):
 PSYoungGen      total 395776K, used 287008K [0x00000000e0000000, 0x00000000ff700000, 0x0000000100000000)
  eden space 283648K, 100% used [0x00000000e0000000,0x00000000f1500000,0x00000000f1500000)
  from space 112128K, 2% used [0x00000000f8980000,0x00000000f8cc8010,0x00000000ff700000)
  to   space 115712K, 0% used [0x00000000f1500000,0x00000000f1500000,0x00000000f8600000)
 ParOldGen       total 509952K, used 277817K [0x00000000a0000000, 0x00000000bf200000, 0x00000000e0000000)
  object space 509952K, 54% used [0x00000000a0000000,0x00000000b0f4e5c0,0x00000000bf200000)
 Metaspace       used 111649K, capacity 116974K, committed 117120K, reserved 1150976K
  class space    used 14134K, capacity 15216K, committed 15232K, reserved 1048576K
Event: 3793.588 GC heap after
Heap after GC invocations=37 (full 6):
 PSYoungGen      total 399360K, used 3711K [0x00000000e0000000, 0x00000000ffc80000, 0x0000000100000000)
  eden space 283648K, 0% used [0x00000000e0000000,0x00000000e0000000,0x00000000f1500000)
  from space 115712K, 3% used [0x00000000f1500000,0x00000000f189ff20,0x00000000f8600000)
  to   space 112128K, 0% used [0x00000000f8f00000,0x00000000f8f00000,0x00000000ffc80000)
 ParOldGen       total 509952K, used 279430K [0x00000000a0000000, 0x00000000bf200000, 0x00000000e0000000)
  object space 509952K, 54% used [0x00000000a0000000,0x00000000b10e1938,0x00000000bf200000)
 Metaspace       used 111649K, capacity 116974K, committed 117120K, reserved 1150976K
  class space    used 14134K, capacity 15216K, committed 15232K, reserved 1048576K
}

