# JRE version: OpenJDK Runtime Environment (8.0_242-b01) (build 1.8.0_242-release-1644-b01)
# Java VM: OpenJDK 64-Bit Server VM (25.242-b01 mixed mode windows-amd64 compressed oops)
Heap:
 PSYoungGen      total 126464K, used 49341K [0x00000000e0000000, 0x00000000ed880000, 0x0000000100000000)
  eden space 113664K, 43% used [0x00000000e0000000,0x00000000e302f758,0x00000000e6f00000)
  from space 12800K, 0% used [0x00000000e6f00000,0x00000000e6f00000,0x00000000e7b80000)
  to   space 12288K, 0% used [0x00000000ecc80000,0x00000000ecc80000,0x00000000ed880000)
 ParOldGen       total 132608K, used 17082K [0x00000000a0000000, 0x00000000a8180000, 0x00000000e0000000)
  object space 132608K, 12% used [0x00000000a0000000,0x00000000a10aeb60,0x00000000a8180000)
 Metaspace       used 35627K, capacity 36936K, committed 37032K, reserved 1081344K
  class space    used 4903K, capacity 5233K, committed 5288K, reserved 1048576K
GC Heap History (10 events):
Event: 3.032 GC heap before
{Heap before GC invocations=5 (full 1):
 PSYoungGen      total 76288K, used 8414K [0x00000000e0000000, 0x00000000e9500000, 0x0000000100000000)
  eden space 65536K, 0% used [0x00000000e0000000,0x00000000e0000000,0x00000000e4000000)
  from space 10752K, 78% used [0x00000000e4a80000,0x00000000e52b7a80,0x00000000e5500000)
  to   space 10752K, 0% used [0x00000000e4000000,0x00000000e4000000,0x00000000e4a80000)
 ParOldGen       total 175104K, used 1990K [0x00000000a0000000, 0x00000000aab00000, 0x00000000e0000000)
  object space 175104K, 1% used [0x00000000a0000000,0x00000000a01f1850,0x00000000aab00000)
 Metaspace       used 20533K, capacity 21230K, committed 21296K, reserved 1067008K
  class space    used 2881K, capacity 3097K, committed 3120K, reserved 1048576K
Event: 3.054 GC heap after
Heap after GC invocations=5 (full 1):
 PSYoungGen      total 76288K, used 0K [0x00000000e0000000, 0x00000000e9500000, 0x0000000100000000)
  eden space 65536K, 0% used [0x00000000e0000000,0x00000000e0000000,0x00000000e4000000)
  from space 10752K, 0% used [0x00000000e4a80000,0x00000000e4a80000,0x00000000e5500000)
  to   space 10752K, 0% used [0x00000000e4000000,0x00000000e4000000,0x00000000e4a80000)
 ParOldGen       total 91136K, used 8231K [0x00000000a0000000, 0x00000000a5900000, 0x00000000e0000000)
  object space 91136K, 9% used [0x00000000a0000000,0x00000000a0809f88,0x00000000a5900000)
 Metaspace       used 20533K, capacity 21230K, committed 21296K, reserved 1067008K
  class space    used 2881K, capacity 3097K, committed 3120K, reserved 1048576K
}
Event: 3.882 GC heap before
{Heap before GC invocations=6 (full 1):
 PSYoungGen      total 76288K, used 65536K [0x00000000e0000000, 0x00000000e9500000, 0x0000000100000000)
  eden space 65536K, 100% used [0x00000000e0000000,0x00000000e4000000,0x00000000e4000000)
  from space 10752K, 0% used [0x00000000e4a80000,0x00000000e4a80000,0x00000000e5500000)
  to   space 10752K, 0% used [0x00000000e4000000,0x00000000e4000000,0x00000000e4a80000)
 ParOldGen       total 91136K, used 8231K [0x00000000a0000000, 0x00000000a5900000, 0x00000000e0000000)
  object space 91136K, 9% used [0x00000000a0000000,0x00000000a0809f88,0x00000000a5900000)
 Metaspace       used 28131K, capacity 28880K, committed 29232K, reserved 1075200K
  class space    used 3875K, capacity 4107K, committed 4144K, reserved 1048576K
Event: 3.886 GC heap after
Heap after GC invocations=6 (full 1):
 PSYoungGen      total 76288K, used 7845K [0x00000000e0000000, 0x00000000e8880000, 0x0000000100000000)
  eden space 65536K, 0% used [0x00000000e0000000,0x00000000e0000000,0x00000000e4000000)
  from space 10752K, 72% used [0x00000000e4000000,0x00000000e47a9710,0x00000000e4a80000)
  to   space 13312K, 0% used [0x00000000e7b80000,0x00000000e7b80000,0x00000000e8880000)
 ParOldGen       total 91136K, used 8239K [0x00000000a0000000, 0x00000000a5900000, 0x00000000e0000000)
  object space 91136K, 9% used [0x00000000a0000000,0x00000000a080bf88,0x00000000a5900000)
 Metaspace       used 28131K, capacity 28880K, committed 29232K, reserved 1075200K
  class space    used 3875K, capacity 4107K, committed 4144K, reserved 1048576K
}
Event: 4.388 GC heap before
{Heap before GC invocations=7 (full 1):
 PSYoungGen      total 76288K, used 73381K [0x00000000e0000000, 0x00000000e8880000, 0x0000000100000000)
  eden space 65536K, 100% used [0x00000000e0000000,0x00000000e4000000,0x00000000e4000000)
  from space 10752K, 72% used [0x00000000e4000000,0x00000000e47a9710,0x00000000e4a80000)
  to   space 13312K, 0% used [0x00000000e7b80000,0x00000000e7b80000,0x00000000e8880000)
 ParOldGen       total 91136K, used 8239K [0x00000000a0000000, 0x00000000a5900000, 0x00000000e0000000)
  object space 91136K, 9% used [0x00000000a0000000,0x00000000a080bf88,0x00000000a5900000)
 Metaspace       used 32158K, capacity 33126K, committed 33328K, reserved 1077248K
  class space    used 4350K, capacity 4626K, committed 4656K, reserved 1048576K
Event: 4.400 GC heap after
Heap after GC invocations=7 (full 1):
 PSYoungGen      total 126464K, used 8298K [0x00000000e0000000, 0x00000000e8800000, 0x0000000100000000)
  eden space 113664K, 0% used [0x00000000e0000000,0x00000000e0000000,0x00000000e6f00000)
  from space 12800K, 64% used [0x00000000e7b80000,0x00000000e839ab28,0x00000000e8800000)
  to   space 12800K, 0% used [0x00000000e6f00000,0x00000000e6f00000,0x00000000e7b80000)
 ParOldGen       total 91136K, used 8247K [0x00000000a0000000, 0x00000000a5900000, 0x00000000e0000000)
  object space 91136K, 9% used [0x00000000a0000000,0x00000000a080df88,0x00000000a5900000)
 Metaspace       used 32158K, capacity 33126K, committed 33328K, reserved 1077248K
  class space    used 4350K, capacity 4626K, committed 4656K, reserved 1048576K
}
Event: 4.758 GC heap before
{Heap before GC invocations=8 (full 1):
 PSYoungGen      total 126464K, used 50705K [0x00000000e0000000, 0x00000000e8800000, 0x0000000100000000)
  eden space 113664K, 37% used [0x00000000e0000000,0x00000000e2969960,0x00000000e6f00000)
  from space 12800K, 64% used [0x00000000e7b80000,0x00000000e839ab28,0x00000000e8800000)
  to   space 12800K, 0% used [0x00000000e6f00000,0x00000000e6f00000,0x00000000e7b80000)
 ParOldGen       total 91136K, used 8247K [0x00000000a0000000, 0x00000000a5900000, 0x00000000e0000000)
  object space 91136K, 9% used [0x00000000a0000000,0x00000000a080df88,0x00000000a5900000)
 Metaspace       used 34356K, capacity 35386K, committed 35496K, reserved 1079296K
  class space    used 4667K, capacity 4943K, committed 5032K, reserved 1048576K
Event: 4.765 GC heap after
Heap after GC invocations=8 (full 1):
 PSYoungGen      total 126464K, used 9453K [0x00000000e0000000, 0x00000000ed880000, 0x0000000100000000)
  eden space 113664K, 0% used [0x00000000e0000000,0x00000000e0000000,0x00000000e6f00000)
  from space 12800K, 73% used [0x00000000e6f00000,0x00000000e783b488,0x00000000e7b80000)
  to   space 12288K, 0% used [0x00000000ecc80000,0x00000000ecc80000,0x00000000ed880000)
 ParOldGen       total 91136K, used 8255K [0x00000000a0000000, 0x00000000a5900000, 0x00000000e0000000)
  object space 91136K, 9% used [0x00000000a0000000,0x00000000a080ff88,0x00000000a5900000)
 Metaspace       used 34356K, capacity 35386K, committed 35496K, reserved 1079296K
  class space    used 4667K, capacity 4943K, committed 5032K, reserved 1048576K
}
Event: 4.766 GC heap before
{Heap before GC invocations=9 (full 2):
 PSYoungGen      total 126464K, used 9453K [0x00000000e0000000, 0x00000000ed880000, 0x0000000100000000)
  eden space 113664K, 0% used [0x00000000e0000000,0x00000000e0000000,0x00000000e6f00000)
  from space 12800K, 73% used [0x00000000e6f00000,0x00000000e783b488,0x00000000e7b80000)
  to   space 12288K, 0% used [0x00000000ecc80000,0x00000000ecc80000,0x00000000ed880000)
 ParOldGen       total 91136K, used 8255K [0x00000000a0000000, 0x00000000a5900000, 0x00000000e0000000)
  object space 91136K, 9% used [0x00000000a0000000,0x00000000a080ff88,0x00000000a5900000)
 Metaspace       used 34356K, capacity 35386K, committed 35496K, reserved 1079296K
  class space    used 4667K, capacity 4943K, committed 5032K, reserved 1048576K
Event: 4.801 GC heap after
Heap after GC invocations=9 (full 2):
 PSYoungGen      total 126464K, used 0K [0x00000000e0000000, 0x00000000ed880000, 0x0000000100000000)
  eden space 113664K, 0% used [0x00000000e0000000,0x00000000e0000000,0x00000000e6f00000)
  from space 12800K, 0% used [0x00000000e6f00000,0x00000000e6f00000,0x00000000e7b80000)
  to   space 12288K, 0% used [0x00000000ecc80000,0x00000000ecc80000,0x00000000ed880000)
 ParOldGen       total 132608K, used 17082K [0x00000000a0000000, 0x00000000a8180000, 0x00000000e0000000)
  object space 132608K, 12% used [0x00000000a0000000,0x00000000a10aeb60,0x00000000a8180000)
 Metaspace       used 34356K, capacity 35386K, committed 35496K, reserved 1079296K
  class space    used 4667K, capacity 4943K, committed 5032K, reserved 1048576K
}

